globaltag = DES19_62_V8::All
271 DQMStore::DQMStore 
disableME1a = 0
Set Driver verbosity to -2
 New QGSP_FTFP_BERT physics list, replaces LEP with FTF/P for p/n/pi (/K?)  Thresholds: 
    1) between BERT  and FTF/P over the interval 6 to 8 GeV. 
    2) between FTF/P and QGS/P over the interval 12 to 25 GeV. 
  -- quasiElastic was asked to be 1
     Changed to 1 for QGS  and to 0 (must be false) for FTF
in MuonNumberingInitialization::initializeMuonDDDConstants
about to make my new muonDDDConst_
in MuonNumberingInitialization::produce
Begin processing the 1st record. Run 1, Event 1, LumiSection 1 at 03-Dec-2013 15:00:11.590 CET
Begin processing the 2nd record. Run 1, Event 2, LumiSection 1 at 03-Dec-2013 15:00:19.698 CET
Begin processing the 3rd record. Run 1, Event 3, LumiSection 1 at 03-Dec-2013 15:00:20.451 CET
Begin processing the 4th record. Run 1, Event 4, LumiSection 1 at 03-Dec-2013 15:00:21.185 CET
Begin processing the 5th record. Run 1, Event 5, LumiSection 1 at 03-Dec-2013 15:00:21.813 CET
Begin processing the 6th record. Run 1, Event 6, LumiSection 1 at 03-Dec-2013 15:00:22.773 CET
Begin processing the 7th record. Run 1, Event 7, LumiSection 1 at 03-Dec-2013 15:00:23.358 CET
Begin processing the 8th record. Run 1, Event 8, LumiSection 1 at 03-Dec-2013 15:00:24.224 CET
Begin processing the 9th record. Run 1, Event 9, LumiSection 1 at 03-Dec-2013 15:00:25.207 CET
Begin processing the 10th record. Run 1, Event 10, LumiSection 1 at 03-Dec-2013 15:00:25.919 CET
Begin processing the 11th record. Run 1, Event 11, LumiSection 1 at 03-Dec-2013 15:00:26.725 CET
Begin processing the 12th record. Run 1, Event 12, LumiSection 1 at 03-Dec-2013 15:00:27.799 CET
Begin processing the 13th record. Run 1, Event 13, LumiSection 1 at 03-Dec-2013 15:00:28.421 CET
Begin processing the 14th record. Run 1, Event 14, LumiSection 1 at 03-Dec-2013 15:00:29.058 CET
Begin processing the 15th record. Run 1, Event 15, LumiSection 1 at 03-Dec-2013 15:00:29.668 CET
Begin processing the 16th record. Run 1, Event 16, LumiSection 1 at 03-Dec-2013 15:00:30.418 CET
Begin processing the 17th record. Run 1, Event 17, LumiSection 1 at 03-Dec-2013 15:00:31.299 CET
Begin processing the 18th record. Run 1, Event 18, LumiSection 1 at 03-Dec-2013 15:00:33.066 CET
Begin processing the 19th record. Run 1, Event 19, LumiSection 1 at 03-Dec-2013 15:00:33.664 CET
Begin processing the 20th record. Run 1, Event 20, LumiSection 1 at 03-Dec-2013 15:00:34.289 CET
DTTSPhi::addTracoT: preview not present in TRACO trigger or its code=0  trigger not added!
Begin processing the 21st record. Run 1, Event 21, LumiSection 1 at 03-Dec-2013 15:00:34.942 CET
Begin processing the 22nd record. Run 1, Event 22, LumiSection 1 at 03-Dec-2013 15:00:36.152 CET
Begin processing the 23rd record. Run 1, Event 23, LumiSection 1 at 03-Dec-2013 15:00:36.846 CET
Begin processing the 24th record. Run 1, Event 24, LumiSection 1 at 03-Dec-2013 15:00:37.946 CET
Begin processing the 25th record. Run 1, Event 25, LumiSection 1 at 03-Dec-2013 15:00:38.666 CET
Begin processing the 26th record. Run 1, Event 26, LumiSection 1 at 03-Dec-2013 15:00:39.188 CET
Begin processing the 27th record. Run 1, Event 27, LumiSection 1 at 03-Dec-2013 15:00:40.062 CET
Begin processing the 28th record. Run 1, Event 28, LumiSection 1 at 03-Dec-2013 15:00:40.833 CET
Begin processing the 29th record. Run 1, Event 29, LumiSection 1 at 03-Dec-2013 15:00:41.340 CET
Begin processing the 30th record. Run 1, Event 30, LumiSection 1 at 03-Dec-2013 15:00:41.827 CET
Begin processing the 31st record. Run 1, Event 31, LumiSection 1 at 03-Dec-2013 15:00:42.591 CET
Begin processing the 32nd record. Run 1, Event 32, LumiSection 1 at 03-Dec-2013 15:00:43.279 CET
Begin processing the 33rd record. Run 1, Event 33, LumiSection 1 at 03-Dec-2013 15:00:44.297 CET
Begin processing the 34th record. Run 1, Event 34, LumiSection 1 at 03-Dec-2013 15:00:45.108 CET
Begin processing the 35th record. Run 1, Event 35, LumiSection 1 at 03-Dec-2013 15:00:45.787 CET
Begin processing the 36th record. Run 1, Event 36, LumiSection 1 at 03-Dec-2013 15:00:46.775 CET
Begin processing the 37th record. Run 1, Event 37, LumiSection 1 at 03-Dec-2013 15:00:47.770 CET
Begin processing the 38th record. Run 1, Event 38, LumiSection 1 at 03-Dec-2013 15:00:48.397 CET
Begin processing the 39th record. Run 1, Event 39, LumiSection 1 at 03-Dec-2013 15:00:48.962 CET
Begin processing the 40th record. Run 1, Event 40, LumiSection 1 at 03-Dec-2013 15:00:49.530 CET
Begin processing the 41st record. Run 1, Event 41, LumiSection 1 at 03-Dec-2013 15:00:50.667 CET
Begin processing the 42nd record. Run 1, Event 42, LumiSection 1 at 03-Dec-2013 15:00:52.031 CET
Begin processing the 43rd record. Run 1, Event 43, LumiSection 1 at 03-Dec-2013 15:00:53.115 CET
Begin processing the 44th record. Run 1, Event 44, LumiSection 1 at 03-Dec-2013 15:00:55.492 CET
Begin processing the 45th record. Run 1, Event 45, LumiSection 1 at 03-Dec-2013 15:00:56.366 CET
Begin processing the 46th record. Run 1, Event 46, LumiSection 1 at 03-Dec-2013 15:00:57.587 CET
Begin processing the 47th record. Run 1, Event 47, LumiSection 1 at 03-Dec-2013 15:00:58.625 CET
Begin processing the 48th record. Run 1, Event 48, LumiSection 1 at 03-Dec-2013 15:00:59.546 CET
Begin processing the 49th record. Run 1, Event 49, LumiSection 1 at 03-Dec-2013 15:01:00.848 CET
Begin processing the 50th record. Run 1, Event 50, LumiSection 1 at 03-Dec-2013 15:01:01.617 CET
Begin processing the 51st record. Run 1, Event 51, LumiSection 1 at 03-Dec-2013 15:01:02.120 CET
Begin processing the 52nd record. Run 1, Event 52, LumiSection 1 at 03-Dec-2013 15:01:02.957 CET
Begin processing the 53rd record. Run 1, Event 53, LumiSection 1 at 03-Dec-2013 15:01:03.567 CET
Begin processing the 54th record. Run 1, Event 54, LumiSection 1 at 03-Dec-2013 15:01:04.079 CET
Begin processing the 55th record. Run 1, Event 55, LumiSection 1 at 03-Dec-2013 15:01:05.009 CET
Begin processing the 56th record. Run 1, Event 56, LumiSection 1 at 03-Dec-2013 15:01:05.679 CET
Begin processing the 57th record. Run 1, Event 57, LumiSection 1 at 03-Dec-2013 15:01:06.437 CET
Begin processing the 58th record. Run 1, Event 58, LumiSection 1 at 03-Dec-2013 15:01:07.109 CET
Begin processing the 59th record. Run 1, Event 59, LumiSection 1 at 03-Dec-2013 15:01:07.924 CET
Begin processing the 60th record. Run 1, Event 60, LumiSection 1 at 03-Dec-2013 15:01:08.596 CET
Begin processing the 61st record. Run 1, Event 61, LumiSection 1 at 03-Dec-2013 15:01:09.733 CET
Begin processing the 62nd record. Run 1, Event 62, LumiSection 1 at 03-Dec-2013 15:01:10.439 CET
Begin processing the 63rd record. Run 1, Event 63, LumiSection 1 at 03-Dec-2013 15:01:11.236 CET
DTTSPhi::addTracoT: preview not present in TRACO trigger or its code=0  trigger not added!
DTTSPhi::addTracoT: preview not present in TRACO trigger or its code=0  trigger not added!
DTTSPhi::addTracoT: preview not present in TRACO trigger or its code=0  trigger not added!
Begin processing the 64th record. Run 1, Event 64, LumiSection 1 at 03-Dec-2013 15:01:11.898 CET
Begin processing the 65th record. Run 1, Event 65, LumiSection 1 at 03-Dec-2013 15:01:12.881 CET
Begin processing the 66th record. Run 1, Event 66, LumiSection 1 at 03-Dec-2013 15:01:13.638 CET
Begin processing the 67th record. Run 1, Event 67, LumiSection 1 at 03-Dec-2013 15:01:14.880 CET
Begin processing the 68th record. Run 1, Event 68, LumiSection 1 at 03-Dec-2013 15:01:15.710 CET
Begin processing the 69th record. Run 1, Event 69, LumiSection 1 at 03-Dec-2013 15:01:16.835 CET
Begin processing the 70th record. Run 1, Event 70, LumiSection 1 at 03-Dec-2013 15:01:17.405 CET
Begin processing the 71st record. Run 1, Event 71, LumiSection 1 at 03-Dec-2013 15:01:18.104 CET
Begin processing the 72nd record. Run 1, Event 72, LumiSection 1 at 03-Dec-2013 15:01:18.959 CET
DTTSPhi::addTracoT: preview not present in TRACO trigger or its code=0  trigger not added!
Begin processing the 73rd record. Run 1, Event 73, LumiSection 1 at 03-Dec-2013 15:01:20.418 CET
Begin processing the 74th record. Run 1, Event 74, LumiSection 1 at 03-Dec-2013 15:01:21.299 CET
Begin processing the 75th record. Run 1, Event 75, LumiSection 1 at 03-Dec-2013 15:01:22.096 CET
Begin processing the 76th record. Run 1, Event 76, LumiSection 1 at 03-Dec-2013 15:01:22.843 CET
Begin processing the 77th record. Run 1, Event 77, LumiSection 1 at 03-Dec-2013 15:01:23.592 CET
Begin processing the 78th record. Run 1, Event 78, LumiSection 1 at 03-Dec-2013 15:01:24.292 CET
Begin processing the 79th record. Run 1, Event 79, LumiSection 1 at 03-Dec-2013 15:01:24.785 CET
Begin processing the 80th record. Run 1, Event 80, LumiSection 1 at 03-Dec-2013 15:01:25.494 CET
Begin processing the 81st record. Run 1, Event 81, LumiSection 1 at 03-Dec-2013 15:01:43.007 CET
Begin processing the 82nd record. Run 1, Event 82, LumiSection 1 at 03-Dec-2013 15:01:47.914 CET
Begin processing the 83rd record. Run 1, Event 83, LumiSection 1 at 03-Dec-2013 15:01:48.443 CET
Begin processing the 84th record. Run 1, Event 84, LumiSection 1 at 03-Dec-2013 15:01:49.444 CET
Begin processing the 85th record. Run 1, Event 85, LumiSection 1 at 03-Dec-2013 15:01:50.208 CET
Begin processing the 86th record. Run 1, Event 86, LumiSection 1 at 03-Dec-2013 15:01:50.917 CET
Begin processing the 87th record. Run 1, Event 87, LumiSection 1 at 03-Dec-2013 15:01:51.893 CET
Begin processing the 88th record. Run 1, Event 88, LumiSection 1 at 03-Dec-2013 15:01:52.744 CET
Begin processing the 89th record. Run 1, Event 89, LumiSection 1 at 03-Dec-2013 15:01:53.684 CET
Begin processing the 90th record. Run 1, Event 90, LumiSection 1 at 03-Dec-2013 15:01:54.335 CET
Begin processing the 91st record. Run 1, Event 91, LumiSection 1 at 03-Dec-2013 15:01:55.186 CET
Begin processing the 92nd record. Run 1, Event 92, LumiSection 1 at 03-Dec-2013 15:01:56.069 CET
Begin processing the 93rd record. Run 1, Event 93, LumiSection 1 at 03-Dec-2013 15:01:56.770 CET
Begin processing the 94th record. Run 1, Event 94, LumiSection 1 at 03-Dec-2013 15:01:57.594 CET
Begin processing the 95th record. Run 1, Event 95, LumiSection 1 at 03-Dec-2013 15:01:58.252 CET
Begin processing the 96th record. Run 1, Event 96, LumiSection 1 at 03-Dec-2013 15:01:58.759 CET
Begin processing the 97th record. Run 1, Event 97, LumiSection 1 at 03-Dec-2013 15:02:00.421 CET
DTTSPhi::addTracoT: preview not present in TRACO trigger or its code=0  trigger not added!
Begin processing the 98th record. Run 1, Event 98, LumiSection 1 at 03-Dec-2013 15:02:01.004 CET
Begin processing the 99th record. Run 1, Event 99, LumiSection 1 at 03-Dec-2013 15:02:02.267 CET
Begin processing the 100th record. Run 1, Event 100, LumiSection 1 at 03-Dec-2013 15:02:03.018 CET
Begin processing the 101st record. Run 1, Event 101, LumiSection 1 at 03-Dec-2013 15:02:03.559 CET
Begin processing the 102nd record. Run 1, Event 102, LumiSection 1 at 03-Dec-2013 15:02:04.052 CET
Begin processing the 103rd record. Run 1, Event 103, LumiSection 1 at 03-Dec-2013 15:02:04.842 CET
Begin processing the 104th record. Run 1, Event 104, LumiSection 1 at 03-Dec-2013 15:02:05.739 CET
Begin processing the 105th record. Run 1, Event 105, LumiSection 1 at 03-Dec-2013 15:02:06.767 CET
Begin processing the 106th record. Run 1, Event 106, LumiSection 1 at 03-Dec-2013 15:02:07.691 CET
Begin processing the 107th record. Run 1, Event 107, LumiSection 1 at 03-Dec-2013 15:02:08.288 CET
Begin processing the 108th record. Run 1, Event 108, LumiSection 1 at 03-Dec-2013 15:02:09.216 CET
Begin processing the 109th record. Run 1, Event 109, LumiSection 1 at 03-Dec-2013 15:02:11.473 CET
Begin processing the 110th record. Run 1, Event 110, LumiSection 1 at 03-Dec-2013 15:02:12.835 CET
Begin processing the 111th record. Run 1, Event 111, LumiSection 1 at 03-Dec-2013 15:02:14.893 CET
Begin processing the 112th record. Run 1, Event 112, LumiSection 1 at 03-Dec-2013 15:02:15.679 CET
Begin processing the 113th record. Run 1, Event 113, LumiSection 1 at 03-Dec-2013 15:02:16.513 CET
Begin processing the 114th record. Run 1, Event 114, LumiSection 1 at 03-Dec-2013 15:02:17.323 CET
Begin processing the 115th record. Run 1, Event 115, LumiSection 1 at 03-Dec-2013 15:02:18.203 CET
Begin processing the 116th record. Run 1, Event 116, LumiSection 1 at 03-Dec-2013 15:02:19.159 CET
Begin processing the 117th record. Run 1, Event 117, LumiSection 1 at 03-Dec-2013 15:02:19.994 CET
Begin processing the 118th record. Run 1, Event 118, LumiSection 1 at 03-Dec-2013 15:02:22.740 CET
Begin processing the 119th record. Run 1, Event 119, LumiSection 1 at 03-Dec-2013 15:02:23.400 CET
Begin processing the 120th record. Run 1, Event 120, LumiSection 1 at 03-Dec-2013 15:02:24.242 CET
Begin processing the 121st record. Run 1, Event 121, LumiSection 1 at 03-Dec-2013 15:02:25.868 CET
Begin processing the 122nd record. Run 1, Event 122, LumiSection 1 at 03-Dec-2013 15:02:26.591 CET
Begin processing the 123rd record. Run 1, Event 123, LumiSection 1 at 03-Dec-2013 15:02:27.331 CET
Begin processing the 124th record. Run 1, Event 124, LumiSection 1 at 03-Dec-2013 15:02:28.149 CET
Begin processing the 125th record. Run 1, Event 125, LumiSection 1 at 03-Dec-2013 15:02:28.730 CET
Begin processing the 126th record. Run 1, Event 126, LumiSection 1 at 03-Dec-2013 15:02:29.618 CET
Begin processing the 127th record. Run 1, Event 127, LumiSection 1 at 03-Dec-2013 15:02:30.413 CET
Begin processing the 128th record. Run 1, Event 128, LumiSection 1 at 03-Dec-2013 15:02:30.931 CET
Begin processing the 129th record. Run 1, Event 129, LumiSection 1 at 03-Dec-2013 15:02:31.805 CET
Begin processing the 130th record. Run 1, Event 130, LumiSection 1 at 03-Dec-2013 15:02:32.345 CET
Begin processing the 131st record. Run 1, Event 131, LumiSection 1 at 03-Dec-2013 15:02:33.162 CET
Begin processing the 132nd record. Run 1, Event 132, LumiSection 1 at 03-Dec-2013 15:02:34.140 CET
Begin processing the 133rd record. Run 1, Event 133, LumiSection 1 at 03-Dec-2013 15:02:34.701 CET
Begin processing the 134th record. Run 1, Event 134, LumiSection 1 at 03-Dec-2013 15:02:35.329 CET
Begin processing the 135th record. Run 1, Event 135, LumiSection 1 at 03-Dec-2013 15:02:36.047 CET
Begin processing the 136th record. Run 1, Event 136, LumiSection 1 at 03-Dec-2013 15:02:36.601 CET
Begin processing the 137th record. Run 1, Event 137, LumiSection 1 at 03-Dec-2013 15:02:38.214 CET
Begin processing the 138th record. Run 1, Event 138, LumiSection 1 at 03-Dec-2013 15:02:39.119 CET
Begin processing the 139th record. Run 1, Event 139, LumiSection 1 at 03-Dec-2013 15:02:39.699 CET
Begin processing the 140th record. Run 1, Event 140, LumiSection 1 at 03-Dec-2013 15:02:40.997 CET
Begin processing the 141st record. Run 1, Event 141, LumiSection 1 at 03-Dec-2013 15:02:41.741 CET
Begin processing the 142nd record. Run 1, Event 142, LumiSection 1 at 03-Dec-2013 15:02:42.240 CET
Begin processing the 143rd record. Run 1, Event 143, LumiSection 1 at 03-Dec-2013 15:02:43.391 CET
Begin processing the 144th record. Run 1, Event 144, LumiSection 1 at 03-Dec-2013 15:02:44.165 CET
Begin processing the 145th record. Run 1, Event 145, LumiSection 1 at 03-Dec-2013 15:02:45.572 CET
Begin processing the 146th record. Run 1, Event 146, LumiSection 1 at 03-Dec-2013 15:02:46.585 CET
Begin processing the 147th record. Run 1, Event 147, LumiSection 1 at 03-Dec-2013 15:02:47.324 CET
Begin processing the 148th record. Run 1, Event 148, LumiSection 1 at 03-Dec-2013 15:02:47.866 CET
Begin processing the 149th record. Run 1, Event 149, LumiSection 1 at 03-Dec-2013 15:02:48.675 CET
Begin processing the 150th record. Run 1, Event 150, LumiSection 1 at 03-Dec-2013 15:02:49.359 CET
Begin processing the 151st record. Run 1, Event 151, LumiSection 1 at 03-Dec-2013 15:02:50.083 CET
Begin processing the 152nd record. Run 1, Event 152, LumiSection 1 at 03-Dec-2013 15:02:50.631 CET
Begin processing the 153rd record. Run 1, Event 153, LumiSection 1 at 03-Dec-2013 15:02:56.956 CET
Begin processing the 154th record. Run 1, Event 154, LumiSection 1 at 03-Dec-2013 15:02:57.645 CET
Begin processing the 155th record. Run 1, Event 155, LumiSection 1 at 03-Dec-2013 15:02:59.794 CET
Begin processing the 156th record. Run 1, Event 156, LumiSection 1 at 03-Dec-2013 15:03:02.561 CET
Begin processing the 157th record. Run 1, Event 157, LumiSection 1 at 03-Dec-2013 15:03:03.545 CET
Begin processing the 158th record. Run 1, Event 158, LumiSection 1 at 03-Dec-2013 15:03:04.395 CET
Begin processing the 159th record. Run 1, Event 159, LumiSection 1 at 03-Dec-2013 15:03:05.686 CET
Begin processing the 160th record. Run 1, Event 160, LumiSection 1 at 03-Dec-2013 15:03:06.603 CET
Begin processing the 161st record. Run 1, Event 161, LumiSection 1 at 03-Dec-2013 15:03:07.375 CET
Begin processing the 162nd record. Run 1, Event 162, LumiSection 1 at 03-Dec-2013 15:03:08.120 CET
Begin processing the 163rd record. Run 1, Event 163, LumiSection 1 at 03-Dec-2013 15:03:08.811 CET
Begin processing the 164th record. Run 1, Event 164, LumiSection 1 at 03-Dec-2013 15:03:09.702 CET
Begin processing the 165th record. Run 1, Event 165, LumiSection 1 at 03-Dec-2013 15:03:10.268 CET
Begin processing the 166th record. Run 1, Event 166, LumiSection 1 at 03-Dec-2013 15:03:11.148 CET
Begin processing the 167th record. Run 1, Event 167, LumiSection 1 at 03-Dec-2013 15:03:11.905 CET
Begin processing the 168th record. Run 1, Event 168, LumiSection 1 at 03-Dec-2013 15:03:12.718 CET
Begin processing the 169th record. Run 1, Event 169, LumiSection 1 at 03-Dec-2013 15:03:14.173 CET
Begin processing the 170th record. Run 1, Event 170, LumiSection 1 at 03-Dec-2013 15:03:15.162 CET
Begin processing the 171st record. Run 1, Event 171, LumiSection 1 at 03-Dec-2013 15:03:15.903 CET
Begin processing the 172nd record. Run 1, Event 172, LumiSection 1 at 03-Dec-2013 15:03:16.477 CET
Begin processing the 173rd record. Run 1, Event 173, LumiSection 1 at 03-Dec-2013 15:03:17.615 CET
Begin processing the 174th record. Run 1, Event 174, LumiSection 1 at 03-Dec-2013 15:03:18.417 CET
Begin processing the 175th record. Run 1, Event 175, LumiSection 1 at 03-Dec-2013 15:03:18.979 CET
Begin processing the 176th record. Run 1, Event 176, LumiSection 1 at 03-Dec-2013 15:03:19.777 CET
Begin processing the 177th record. Run 1, Event 177, LumiSection 1 at 03-Dec-2013 15:03:20.692 CET
Begin processing the 178th record. Run 1, Event 178, LumiSection 1 at 03-Dec-2013 15:03:21.466 CET
Begin processing the 179th record. Run 1, Event 179, LumiSection 1 at 03-Dec-2013 15:03:22.115 CET
Begin processing the 180th record. Run 1, Event 180, LumiSection 1 at 03-Dec-2013 15:03:23.155 CET
Begin processing the 181st record. Run 1, Event 181, LumiSection 1 at 03-Dec-2013 15:03:23.744 CET
Begin processing the 182nd record. Run 1, Event 182, LumiSection 1 at 03-Dec-2013 15:03:24.500 CET
Begin processing the 183rd record. Run 1, Event 183, LumiSection 1 at 03-Dec-2013 15:03:25.342 CET
Begin processing the 184th record. Run 1, Event 184, LumiSection 1 at 03-Dec-2013 15:03:25.900 CET
Begin processing the 185th record. Run 1, Event 185, LumiSection 1 at 03-Dec-2013 15:03:26.832 CET
Begin processing the 186th record. Run 1, Event 186, LumiSection 1 at 03-Dec-2013 15:03:27.379 CET
Begin processing the 187th record. Run 1, Event 187, LumiSection 1 at 03-Dec-2013 15:03:28.159 CET
Begin processing the 188th record. Run 1, Event 188, LumiSection 1 at 03-Dec-2013 15:03:29.281 CET
Begin processing the 189th record. Run 1, Event 189, LumiSection 1 at 03-Dec-2013 15:03:30.121 CET
Begin processing the 190th record. Run 1, Event 190, LumiSection 1 at 03-Dec-2013 15:03:30.640 CET
Begin processing the 191st record. Run 1, Event 191, LumiSection 1 at 03-Dec-2013 15:03:31.781 CET
Begin processing the 192nd record. Run 1, Event 192, LumiSection 1 at 03-Dec-2013 15:03:32.700 CET
Begin processing the 193rd record. Run 1, Event 193, LumiSection 1 at 03-Dec-2013 15:03:34.131 CET
Begin processing the 194th record. Run 1, Event 194, LumiSection 1 at 03-Dec-2013 15:03:34.722 CET
Begin processing the 195th record. Run 1, Event 195, LumiSection 1 at 03-Dec-2013 15:03:35.856 CET
Begin processing the 196th record. Run 1, Event 196, LumiSection 1 at 03-Dec-2013 15:03:36.435 CET
Begin processing the 197th record. Run 1, Event 197, LumiSection 1 at 03-Dec-2013 15:03:37.081 CET
Begin processing the 198th record. Run 1, Event 198, LumiSection 1 at 03-Dec-2013 15:03:37.970 CET
Begin processing the 199th record. Run 1, Event 199, LumiSection 1 at 03-Dec-2013 15:03:38.964 CET
Begin processing the 200th record. Run 1, Event 200, LumiSection 1 at 03-Dec-2013 15:03:39.737 CET
Begin processing the 201st record. Run 1, Event 201, LumiSection 1 at 03-Dec-2013 15:03:41.908 CET
Begin processing the 202nd record. Run 1, Event 202, LumiSection 1 at 03-Dec-2013 15:03:42.981 CET
Begin processing the 203rd record. Run 1, Event 203, LumiSection 1 at 03-Dec-2013 15:03:43.760 CET
Begin processing the 204th record. Run 1, Event 204, LumiSection 1 at 03-Dec-2013 15:03:44.680 CET
Begin processing the 205th record. Run 1, Event 205, LumiSection 1 at 03-Dec-2013 15:03:46.360 CET
Begin processing the 206th record. Run 1, Event 206, LumiSection 1 at 03-Dec-2013 15:03:47.086 CET
Begin processing the 207th record. Run 1, Event 207, LumiSection 1 at 03-Dec-2013 15:03:47.891 CET
Begin processing the 208th record. Run 1, Event 208, LumiSection 1 at 03-Dec-2013 15:03:49.046 CET
Begin processing the 209th record. Run 1, Event 209, LumiSection 1 at 03-Dec-2013 15:03:50.823 CET
Begin processing the 210th record. Run 1, Event 210, LumiSection 1 at 03-Dec-2013 15:03:51.696 CET
Begin processing the 211th record. Run 1, Event 211, LumiSection 1 at 03-Dec-2013 15:03:52.557 CET
Begin processing the 212th record. Run 1, Event 212, LumiSection 1 at 03-Dec-2013 15:03:53.435 CET
Begin processing the 213th record. Run 1, Event 213, LumiSection 1 at 03-Dec-2013 15:03:54.137 CET
Begin processing the 214th record. Run 1, Event 214, LumiSection 1 at 03-Dec-2013 15:03:54.902 CET
Begin processing the 215th record. Run 1, Event 215, LumiSection 1 at 03-Dec-2013 15:03:55.576 CET
Begin processing the 216th record. Run 1, Event 216, LumiSection 1 at 03-Dec-2013 15:03:56.361 CET
Begin processing the 217th record. Run 1, Event 217, LumiSection 1 at 03-Dec-2013 15:03:57.689 CET
Begin processing the 218th record. Run 1, Event 218, LumiSection 1 at 03-Dec-2013 15:03:58.178 CET
Begin processing the 219th record. Run 1, Event 219, LumiSection 1 at 03-Dec-2013 15:03:58.657 CET
Begin processing the 220th record. Run 1, Event 220, LumiSection 1 at 03-Dec-2013 15:03:59.455 CET
Begin processing the 221st record. Run 1, Event 221, LumiSection 1 at 03-Dec-2013 15:03:59.925 CET
Begin processing the 222nd record. Run 1, Event 222, LumiSection 1 at 03-Dec-2013 15:04:00.792 CET
Begin processing the 223rd record. Run 1, Event 223, LumiSection 1 at 03-Dec-2013 15:04:01.467 CET
Begin processing the 224th record. Run 1, Event 224, LumiSection 1 at 03-Dec-2013 15:04:02.433 CET
Begin processing the 225th record. Run 1, Event 225, LumiSection 1 at 03-Dec-2013 15:04:03.671 CET
Begin processing the 226th record. Run 1, Event 226, LumiSection 1 at 03-Dec-2013 15:04:04.271 CET
Begin processing the 227th record. Run 1, Event 227, LumiSection 1 at 03-Dec-2013 15:04:05.061 CET
Begin processing the 228th record. Run 1, Event 228, LumiSection 1 at 03-Dec-2013 15:04:06.043 CET
Begin processing the 229th record. Run 1, Event 229, LumiSection 1 at 03-Dec-2013 15:04:06.652 CET
Begin processing the 230th record. Run 1, Event 230, LumiSection 1 at 03-Dec-2013 15:04:07.394 CET
DTTSPhi::addTracoT: preview not present in TRACO trigger or its code=0  trigger not added!
DTTSPhi::addTracoT: preview not present in TRACO trigger or its code=0  trigger not added!
Begin processing the 231st record. Run 1, Event 231, LumiSection 1 at 03-Dec-2013 15:04:07.942 CET
Begin processing the 232nd record. Run 1, Event 232, LumiSection 1 at 03-Dec-2013 15:04:08.654 CET
Begin processing the 233rd record. Run 1, Event 233, LumiSection 1 at 03-Dec-2013 15:04:09.454 CET
Begin processing the 234th record. Run 1, Event 234, LumiSection 1 at 03-Dec-2013 15:04:10.240 CET
Begin processing the 235th record. Run 1, Event 235, LumiSection 1 at 03-Dec-2013 15:04:11.192 CET
Begin processing the 236th record. Run 1, Event 236, LumiSection 1 at 03-Dec-2013 15:04:12.674 CET
Begin processing the 237th record. Run 1, Event 237, LumiSection 1 at 03-Dec-2013 15:04:13.325 CET
Begin processing the 238th record. Run 1, Event 238, LumiSection 1 at 03-Dec-2013 15:04:13.830 CET
Begin processing the 239th record. Run 1, Event 239, LumiSection 1 at 03-Dec-2013 15:04:14.418 CET
Begin processing the 240th record. Run 1, Event 240, LumiSection 1 at 03-Dec-2013 15:04:15.272 CET
Begin processing the 241st record. Run 1, Event 241, LumiSection 1 at 03-Dec-2013 15:04:20.128 CET
Begin processing the 242nd record. Run 1, Event 242, LumiSection 1 at 03-Dec-2013 15:04:20.597 CET
Begin processing the 243rd record. Run 1, Event 243, LumiSection 1 at 03-Dec-2013 15:04:21.443 CET
Begin processing the 244th record. Run 1, Event 244, LumiSection 1 at 03-Dec-2013 15:04:23.590 CET
Begin processing the 245th record. Run 1, Event 245, LumiSection 1 at 03-Dec-2013 15:04:24.205 CET
Begin processing the 246th record. Run 1, Event 246, LumiSection 1 at 03-Dec-2013 15:04:25.471 CET
Begin processing the 247th record. Run 1, Event 247, LumiSection 1 at 03-Dec-2013 15:04:26.049 CET
Begin processing the 248th record. Run 1, Event 248, LumiSection 1 at 03-Dec-2013 15:04:27.136 CET
Begin processing the 249th record. Run 1, Event 249, LumiSection 1 at 03-Dec-2013 15:04:28.623 CET
Begin processing the 250th record. Run 1, Event 250, LumiSection 1 at 03-Dec-2013 15:04:29.608 CET
Begin processing the 251st record. Run 1, Event 251, LumiSection 1 at 03-Dec-2013 15:04:30.342 CET
Begin processing the 252nd record. Run 1, Event 252, LumiSection 1 at 03-Dec-2013 15:04:31.443 CET
Begin processing the 253rd record. Run 1, Event 253, LumiSection 1 at 03-Dec-2013 15:04:32.247 CET
Begin processing the 254th record. Run 1, Event 254, LumiSection 1 at 03-Dec-2013 15:04:32.936 CET
Begin processing the 255th record. Run 1, Event 255, LumiSection 1 at 03-Dec-2013 15:04:33.617 CET
Begin processing the 256th record. Run 1, Event 256, LumiSection 1 at 03-Dec-2013 15:04:34.258 CET
Begin processing the 257th record. Run 1, Event 257, LumiSection 1 at 03-Dec-2013 15:04:35.219 CET
Begin processing the 258th record. Run 1, Event 258, LumiSection 1 at 03-Dec-2013 15:04:36.094 CET
Begin processing the 259th record. Run 1, Event 259, LumiSection 1 at 03-Dec-2013 15:04:37.297 CET
Begin processing the 260th record. Run 1, Event 260, LumiSection 1 at 03-Dec-2013 15:04:38.698 CET
Begin processing the 261st record. Run 1, Event 261, LumiSection 1 at 03-Dec-2013 15:04:39.197 CET
Begin processing the 262nd record. Run 1, Event 262, LumiSection 1 at 03-Dec-2013 15:04:39.809 CET
Begin processing the 263rd record. Run 1, Event 263, LumiSection 1 at 03-Dec-2013 15:04:40.469 CET
Begin processing the 264th record. Run 1, Event 264, LumiSection 1 at 03-Dec-2013 15:04:41.547 CET
Begin processing the 265th record. Run 1, Event 265, LumiSection 1 at 03-Dec-2013 15:04:43.427 CET
Begin processing the 266th record. Run 1, Event 266, LumiSection 1 at 03-Dec-2013 15:04:44.199 CET
Begin processing the 267th record. Run 1, Event 267, LumiSection 1 at 03-Dec-2013 15:04:45.004 CET
Begin processing the 268th record. Run 1, Event 268, LumiSection 1 at 03-Dec-2013 15:04:45.585 CET
DTTSPhi::addTracoT: preview not present in TRACO trigger or its code=0  trigger not added!
Begin processing the 269th record. Run 1, Event 269, LumiSection 1 at 03-Dec-2013 15:04:46.108 CET
Begin processing the 270th record. Run 1, Event 270, LumiSection 1 at 03-Dec-2013 15:04:46.640 CET
Begin processing the 271st record. Run 1, Event 271, LumiSection 1 at 03-Dec-2013 15:04:47.180 CET
Begin processing the 272nd record. Run 1, Event 272, LumiSection 1 at 03-Dec-2013 15:04:48.107 CET
Begin processing the 273rd record. Run 1, Event 273, LumiSection 1 at 03-Dec-2013 15:04:48.809 CET
Begin processing the 274th record. Run 1, Event 274, LumiSection 1 at 03-Dec-2013 15:04:50.394 CET
Begin processing the 275th record. Run 1, Event 275, LumiSection 1 at 03-Dec-2013 15:04:50.963 CET
Begin processing the 276th record. Run 1, Event 276, LumiSection 1 at 03-Dec-2013 15:04:51.855 CET
Begin processing the 277th record. Run 1, Event 277, LumiSection 1 at 03-Dec-2013 15:04:52.371 CET
Begin processing the 278th record. Run 1, Event 278, LumiSection 1 at 03-Dec-2013 15:04:54.596 CET
Begin processing the 279th record. Run 1, Event 279, LumiSection 1 at 03-Dec-2013 15:04:56.649 CET
Begin processing the 280th record. Run 1, Event 280, LumiSection 1 at 03-Dec-2013 15:04:57.534 CET
Begin processing the 281st record. Run 1, Event 281, LumiSection 1 at 03-Dec-2013 15:04:58.300 CET
Begin processing the 282nd record. Run 1, Event 282, LumiSection 1 at 03-Dec-2013 15:04:58.858 CET
Begin processing the 283rd record. Run 1, Event 283, LumiSection 1 at 03-Dec-2013 15:05:00.442 CET
Begin processing the 284th record. Run 1, Event 284, LumiSection 1 at 03-Dec-2013 15:05:01.511 CET
DTTSPhi::addTracoT: preview not present in TRACO trigger or its code=0  trigger not added!
DTTSPhi::addTracoT: preview not present in TRACO trigger or its code=0  trigger not added!
Begin processing the 285th record. Run 1, Event 285, LumiSection 1 at 03-Dec-2013 15:05:02.274 CET
Begin processing the 286th record. Run 1, Event 286, LumiSection 1 at 03-Dec-2013 15:05:03.051 CET
Begin processing the 287th record. Run 1, Event 287, LumiSection 1 at 03-Dec-2013 15:05:03.751 CET
Begin processing the 288th record. Run 1, Event 288, LumiSection 1 at 03-Dec-2013 15:05:10.418 CET
Begin processing the 289th record. Run 1, Event 289, LumiSection 1 at 03-Dec-2013 15:05:12.402 CET
Begin processing the 290th record. Run 1, Event 290, LumiSection 1 at 03-Dec-2013 15:05:12.894 CET
Begin processing the 291st record. Run 1, Event 291, LumiSection 1 at 03-Dec-2013 15:05:14.081 CET
Begin processing the 292nd record. Run 1, Event 292, LumiSection 1 at 03-Dec-2013 15:05:15.000 CET
Begin processing the 293rd record. Run 1, Event 293, LumiSection 1 at 03-Dec-2013 15:05:15.488 CET
Begin processing the 294th record. Run 1, Event 294, LumiSection 1 at 03-Dec-2013 15:05:16.293 CET
Begin processing the 295th record. Run 1, Event 295, LumiSection 1 at 03-Dec-2013 15:05:16.882 CET
Begin processing the 296th record. Run 1, Event 296, LumiSection 1 at 03-Dec-2013 15:05:17.420 CET
Begin processing the 297th record. Run 1, Event 297, LumiSection 1 at 03-Dec-2013 15:05:18.420 CET
Begin processing the 298th record. Run 1, Event 298, LumiSection 1 at 03-Dec-2013 15:05:18.879 CET
Begin processing the 299th record. Run 1, Event 299, LumiSection 1 at 03-Dec-2013 15:05:19.776 CET
Begin processing the 300th record. Run 1, Event 300, LumiSection 1 at 03-Dec-2013 15:05:20.570 CET
Begin processing the 301st record. Run 1, Event 301, LumiSection 1 at 03-Dec-2013 15:05:22.970 CET
Begin processing the 302nd record. Run 1, Event 302, LumiSection 1 at 03-Dec-2013 15:05:23.674 CET
Begin processing the 303rd record. Run 1, Event 303, LumiSection 1 at 03-Dec-2013 15:05:24.657 CET
Begin processing the 304th record. Run 1, Event 304, LumiSection 1 at 03-Dec-2013 15:05:25.181 CET
Begin processing the 305th record. Run 1, Event 305, LumiSection 1 at 03-Dec-2013 15:05:25.858 CET
Begin processing the 306th record. Run 1, Event 306, LumiSection 1 at 03-Dec-2013 15:05:27.019 CET
Begin processing the 307th record. Run 1, Event 307, LumiSection 1 at 03-Dec-2013 15:05:27.655 CET
Begin processing the 308th record. Run 1, Event 308, LumiSection 1 at 03-Dec-2013 15:05:28.663 CET
Begin processing the 309th record. Run 1, Event 309, LumiSection 1 at 03-Dec-2013 15:05:29.254 CET
Begin processing the 310th record. Run 1, Event 310, LumiSection 1 at 03-Dec-2013 15:05:30.102 CET
Begin processing the 311th record. Run 1, Event 311, LumiSection 1 at 03-Dec-2013 15:05:30.757 CET
Begin processing the 312th record. Run 1, Event 312, LumiSection 1 at 03-Dec-2013 15:05:31.396 CET
Begin processing the 313th record. Run 1, Event 313, LumiSection 1 at 03-Dec-2013 15:05:33.012 CET
Begin processing the 314th record. Run 1, Event 314, LumiSection 1 at 03-Dec-2013 15:05:33.729 CET
Begin processing the 315th record. Run 1, Event 315, LumiSection 1 at 03-Dec-2013 15:05:34.659 CET
Begin processing the 316th record. Run 1, Event 316, LumiSection 1 at 03-Dec-2013 15:05:35.164 CET
Begin processing the 317th record. Run 1, Event 317, LumiSection 1 at 03-Dec-2013 15:05:35.619 CET
Begin processing the 318th record. Run 1, Event 318, LumiSection 1 at 03-Dec-2013 15:05:36.585 CET
Begin processing the 319th record. Run 1, Event 319, LumiSection 1 at 03-Dec-2013 15:05:37.311 CET
Begin processing the 320th record. Run 1, Event 320, LumiSection 1 at 03-Dec-2013 15:05:38.128 CET
Begin processing the 321st record. Run 1, Event 321, LumiSection 1 at 03-Dec-2013 15:05:39.487 CET
Begin processing the 322nd record. Run 1, Event 322, LumiSection 1 at 03-Dec-2013 15:05:40.230 CET
Begin processing the 323rd record. Run 1, Event 323, LumiSection 1 at 03-Dec-2013 15:05:40.805 CET
Begin processing the 324th record. Run 1, Event 324, LumiSection 1 at 03-Dec-2013 15:05:41.786 CET
Begin processing the 325th record. Run 1, Event 325, LumiSection 1 at 03-Dec-2013 15:05:43.244 CET
Begin processing the 326th record. Run 1, Event 326, LumiSection 1 at 03-Dec-2013 15:05:43.719 CET
DTTSPhi::addTracoT: preview not present in TRACO trigger or its code=0  trigger not added!
DTTSPhi::addTracoT: preview not present in TRACO trigger or its code=0  trigger not added!
Begin processing the 327th record. Run 1, Event 327, LumiSection 1 at 03-Dec-2013 15:05:44.446 CET
Begin processing the 328th record. Run 1, Event 328, LumiSection 1 at 03-Dec-2013 15:05:45.051 CET
Begin processing the 329th record. Run 1, Event 329, LumiSection 1 at 03-Dec-2013 15:05:46.692 CET
Begin processing the 330th record. Run 1, Event 330, LumiSection 1 at 03-Dec-2013 15:05:47.623 CET
Begin processing the 331st record. Run 1, Event 331, LumiSection 1 at 03-Dec-2013 15:05:48.508 CET
Begin processing the 332nd record. Run 1, Event 332, LumiSection 1 at 03-Dec-2013 15:05:49.348 CET
Begin processing the 333rd record. Run 1, Event 333, LumiSection 1 at 03-Dec-2013 15:05:50.065 CET
Begin processing the 334th record. Run 1, Event 334, LumiSection 1 at 03-Dec-2013 15:05:51.033 CET
Begin processing the 335th record. Run 1, Event 335, LumiSection 1 at 03-Dec-2013 15:05:52.231 CET
Begin processing the 336th record. Run 1, Event 336, LumiSection 1 at 03-Dec-2013 15:05:52.941 CET
Begin processing the 337th record. Run 1, Event 337, LumiSection 1 at 03-Dec-2013 15:05:54.721 CET
Begin processing the 338th record. Run 1, Event 338, LumiSection 1 at 03-Dec-2013 15:05:55.544 CET
Begin processing the 339th record. Run 1, Event 339, LumiSection 1 at 03-Dec-2013 15:05:56.118 CET
Begin processing the 340th record. Run 1, Event 340, LumiSection 1 at 03-Dec-2013 15:05:56.866 CET
Begin processing the 341st record. Run 1, Event 341, LumiSection 1 at 03-Dec-2013 15:05:57.986 CET
Begin processing the 342nd record. Run 1, Event 342, LumiSection 1 at 03-Dec-2013 15:05:58.591 CET
Begin processing the 343rd record. Run 1, Event 343, LumiSection 1 at 03-Dec-2013 15:05:59.330 CET
Begin processing the 344th record. Run 1, Event 344, LumiSection 1 at 03-Dec-2013 15:05:59.954 CET
Begin processing the 345th record. Run 1, Event 345, LumiSection 1 at 03-Dec-2013 15:06:01.209 CET
Begin processing the 346th record. Run 1, Event 346, LumiSection 1 at 03-Dec-2013 15:06:01.788 CET
Begin processing the 347th record. Run 1, Event 347, LumiSection 1 at 03-Dec-2013 15:06:02.561 CET
Begin processing the 348th record. Run 1, Event 348, LumiSection 1 at 03-Dec-2013 15:06:03.550 CET
Begin processing the 349th record. Run 1, Event 349, LumiSection 1 at 03-Dec-2013 15:06:04.452 CET
Begin processing the 350th record. Run 1, Event 350, LumiSection 1 at 03-Dec-2013 15:06:05.581 CET
Begin processing the 351st record. Run 1, Event 351, LumiSection 1 at 03-Dec-2013 15:06:06.759 CET
Begin processing the 352nd record. Run 1, Event 352, LumiSection 1 at 03-Dec-2013 15:06:07.336 CET
Begin processing the 353rd record. Run 1, Event 353, LumiSection 1 at 03-Dec-2013 15:06:08.387 CET
Begin processing the 354th record. Run 1, Event 354, LumiSection 1 at 03-Dec-2013 15:06:08.904 CET
Begin processing the 355th record. Run 1, Event 355, LumiSection 1 at 03-Dec-2013 15:06:10.058 CET
Begin processing the 356th record. Run 1, Event 356, LumiSection 1 at 03-Dec-2013 15:06:11.082 CET
Begin processing the 357th record. Run 1, Event 357, LumiSection 1 at 03-Dec-2013 15:06:12.334 CET
Begin processing the 358th record. Run 1, Event 358, LumiSection 1 at 03-Dec-2013 15:06:13.149 CET
Begin processing the 359th record. Run 1, Event 359, LumiSection 1 at 03-Dec-2013 15:06:13.979 CET
Begin processing the 360th record. Run 1, Event 360, LumiSection 1 at 03-Dec-2013 15:06:14.503 CET
Begin processing the 361st record. Run 1, Event 361, LumiSection 1 at 03-Dec-2013 15:06:15.803 CET
Begin processing the 362nd record. Run 1, Event 362, LumiSection 1 at 03-Dec-2013 15:06:16.418 CET
Begin processing the 363rd record. Run 1, Event 363, LumiSection 1 at 03-Dec-2013 15:06:17.391 CET
Begin processing the 364th record. Run 1, Event 364, LumiSection 1 at 03-Dec-2013 15:06:18.281 CET
Begin processing the 365th record. Run 1, Event 365, LumiSection 1 at 03-Dec-2013 15:06:18.923 CET
Begin processing the 366th record. Run 1, Event 366, LumiSection 1 at 03-Dec-2013 15:06:20.270 CET
Begin processing the 367th record. Run 1, Event 367, LumiSection 1 at 03-Dec-2013 15:06:21.177 CET
Begin processing the 368th record. Run 1, Event 368, LumiSection 1 at 03-Dec-2013 15:06:21.772 CET
Begin processing the 369th record. Run 1, Event 369, LumiSection 1 at 03-Dec-2013 15:06:22.598 CET
Begin processing the 370th record. Run 1, Event 370, LumiSection 1 at 03-Dec-2013 15:06:23.109 CET
Begin processing the 371st record. Run 1, Event 371, LumiSection 1 at 03-Dec-2013 15:06:23.818 CET
Begin processing the 372nd record. Run 1, Event 372, LumiSection 1 at 03-Dec-2013 15:06:24.528 CET
Begin processing the 373rd record. Run 1, Event 373, LumiSection 1 at 03-Dec-2013 15:06:25.556 CET
Begin processing the 374th record. Run 1, Event 374, LumiSection 1 at 03-Dec-2013 15:06:26.166 CET
Begin processing the 375th record. Run 1, Event 375, LumiSection 1 at 03-Dec-2013 15:06:26.731 CET
Begin processing the 376th record. Run 1, Event 376, LumiSection 1 at 03-Dec-2013 15:06:28.670 CET
Begin processing the 377th record. Run 1, Event 377, LumiSection 1 at 03-Dec-2013 15:06:29.846 CET
Begin processing the 378th record. Run 1, Event 378, LumiSection 1 at 03-Dec-2013 15:06:30.686 CET
Begin processing the 379th record. Run 1, Event 379, LumiSection 1 at 03-Dec-2013 15:06:31.307 CET
Begin processing the 380th record. Run 1, Event 380, LumiSection 1 at 03-Dec-2013 15:06:32.385 CET
Begin processing the 381st record. Run 1, Event 381, LumiSection 1 at 03-Dec-2013 15:06:33.111 CET
Begin processing the 382nd record. Run 1, Event 382, LumiSection 1 at 03-Dec-2013 15:06:33.579 CET
Begin processing the 383rd record. Run 1, Event 383, LumiSection 1 at 03-Dec-2013 15:06:34.588 CET
Begin processing the 384th record. Run 1, Event 384, LumiSection 1 at 03-Dec-2013 15:06:35.547 CET
Begin processing the 385th record. Run 1, Event 385, LumiSection 1 at 03-Dec-2013 15:06:37.056 CET
Begin processing the 386th record. Run 1, Event 386, LumiSection 1 at 03-Dec-2013 15:06:37.594 CET
Begin processing the 387th record. Run 1, Event 387, LumiSection 1 at 03-Dec-2013 15:06:38.347 CET
Begin processing the 388th record. Run 1, Event 388, LumiSection 1 at 03-Dec-2013 15:06:39.147 CET
Begin processing the 389th record. Run 1, Event 389, LumiSection 1 at 03-Dec-2013 15:06:39.863 CET
Begin processing the 390th record. Run 1, Event 390, LumiSection 1 at 03-Dec-2013 15:06:40.646 CET
Begin processing the 391st record. Run 1, Event 391, LumiSection 1 at 03-Dec-2013 15:06:41.566 CET
Begin processing the 392nd record. Run 1, Event 392, LumiSection 1 at 03-Dec-2013 15:06:42.250 CET
Begin processing the 393rd record. Run 1, Event 393, LumiSection 1 at 03-Dec-2013 15:06:43.318 CET
Begin processing the 394th record. Run 1, Event 394, LumiSection 1 at 03-Dec-2013 15:06:43.873 CET
Begin processing the 395th record. Run 1, Event 395, LumiSection 1 at 03-Dec-2013 15:06:44.368 CET
Begin processing the 396th record. Run 1, Event 396, LumiSection 1 at 03-Dec-2013 15:06:47.384 CET
Begin processing the 397th record. Run 1, Event 397, LumiSection 1 at 03-Dec-2013 15:06:47.974 CET
Begin processing the 398th record. Run 1, Event 398, LumiSection 1 at 03-Dec-2013 15:06:48.900 CET
Begin processing the 399th record. Run 1, Event 399, LumiSection 1 at 03-Dec-2013 15:06:49.671 CET
Begin processing the 400th record. Run 1, Event 400, LumiSection 1 at 03-Dec-2013 15:06:50.245 CET
Begin processing the 401st record. Run 1, Event 401, LumiSection 1 at 03-Dec-2013 15:06:50.945 CET
Begin processing the 402nd record. Run 1, Event 402, LumiSection 1 at 03-Dec-2013 15:06:51.852 CET
Begin processing the 403rd record. Run 1, Event 403, LumiSection 1 at 03-Dec-2013 15:06:52.919 CET
Begin processing the 404th record. Run 1, Event 404, LumiSection 1 at 03-Dec-2013 15:06:53.822 CET
Begin processing the 405th record. Run 1, Event 405, LumiSection 1 at 03-Dec-2013 15:06:56.075 CET
Begin processing the 406th record. Run 1, Event 406, LumiSection 1 at 03-Dec-2013 15:06:56.747 CET
Begin processing the 407th record. Run 1, Event 407, LumiSection 1 at 03-Dec-2013 15:06:57.498 CET
Begin processing the 408th record. Run 1, Event 408, LumiSection 1 at 03-Dec-2013 15:06:58.480 CET
Begin processing the 409th record. Run 1, Event 409, LumiSection 1 at 03-Dec-2013 15:06:59.830 CET
Begin processing the 410th record. Run 1, Event 410, LumiSection 1 at 03-Dec-2013 15:07:00.406 CET
Begin processing the 411th record. Run 1, Event 411, LumiSection 1 at 03-Dec-2013 15:07:01.143 CET
Begin processing the 412th record. Run 1, Event 412, LumiSection 1 at 03-Dec-2013 15:07:01.908 CET
Begin processing the 413th record. Run 1, Event 413, LumiSection 1 at 03-Dec-2013 15:07:02.511 CET
Begin processing the 414th record. Run 1, Event 414, LumiSection 1 at 03-Dec-2013 15:07:03.359 CET
Begin processing the 415th record. Run 1, Event 415, LumiSection 1 at 03-Dec-2013 15:07:04.210 CET
Begin processing the 416th record. Run 1, Event 416, LumiSection 1 at 03-Dec-2013 15:07:04.988 CET
Begin processing the 417th record. Run 1, Event 417, LumiSection 1 at 03-Dec-2013 15:07:06.051 CET
Begin processing the 418th record. Run 1, Event 418, LumiSection 1 at 03-Dec-2013 15:07:06.655 CET
Begin processing the 419th record. Run 1, Event 419, LumiSection 1 at 03-Dec-2013 15:07:07.298 CET
Begin processing the 420th record. Run 1, Event 420, LumiSection 1 at 03-Dec-2013 15:07:08.102 CET
Begin processing the 421st record. Run 1, Event 421, LumiSection 1 at 03-Dec-2013 15:07:08.645 CET
Begin processing the 422nd record. Run 1, Event 422, LumiSection 1 at 03-Dec-2013 15:07:09.264 CET
Begin processing the 423rd record. Run 1, Event 423, LumiSection 1 at 03-Dec-2013 15:07:11.647 CET
Begin processing the 424th record. Run 1, Event 424, LumiSection 1 at 03-Dec-2013 15:07:12.514 CET
Begin processing the 425th record. Run 1, Event 425, LumiSection 1 at 03-Dec-2013 15:07:13.448 CET
Begin processing the 426th record. Run 1, Event 426, LumiSection 1 at 03-Dec-2013 15:07:14.379 CET
Begin processing the 427th record. Run 1, Event 427, LumiSection 1 at 03-Dec-2013 15:07:15.405 CET
Begin processing the 428th record. Run 1, Event 428, LumiSection 1 at 03-Dec-2013 15:07:16.506 CET
Begin processing the 429th record. Run 1, Event 429, LumiSection 1 at 03-Dec-2013 15:07:17.190 CET
Begin processing the 430th record. Run 1, Event 430, LumiSection 1 at 03-Dec-2013 15:07:18.668 CET
Begin processing the 431st record. Run 1, Event 431, LumiSection 1 at 03-Dec-2013 15:07:19.410 CET
Begin processing the 432nd record. Run 1, Event 432, LumiSection 1 at 03-Dec-2013 15:07:20.049 CET
Begin processing the 433rd record. Run 1, Event 433, LumiSection 1 at 03-Dec-2013 15:07:21.535 CET
Begin processing the 434th record. Run 1, Event 434, LumiSection 1 at 03-Dec-2013 15:07:22.631 CET
Begin processing the 435th record. Run 1, Event 435, LumiSection 1 at 03-Dec-2013 15:07:23.169 CET
Begin processing the 436th record. Run 1, Event 436, LumiSection 1 at 03-Dec-2013 15:07:23.752 CET
Begin processing the 437th record. Run 1, Event 437, LumiSection 1 at 03-Dec-2013 15:07:24.412 CET
Begin processing the 438th record. Run 1, Event 438, LumiSection 1 at 03-Dec-2013 15:07:25.211 CET
Begin processing the 439th record. Run 1, Event 439, LumiSection 1 at 03-Dec-2013 15:07:27.175 CET
Begin processing the 440th record. Run 1, Event 440, LumiSection 1 at 03-Dec-2013 15:07:28.068 CET
Begin processing the 441st record. Run 1, Event 441, LumiSection 1 at 03-Dec-2013 15:07:28.815 CET
Begin processing the 442nd record. Run 1, Event 442, LumiSection 1 at 03-Dec-2013 15:07:30.073 CET
Begin processing the 443rd record. Run 1, Event 443, LumiSection 1 at 03-Dec-2013 15:07:30.728 CET
Begin processing the 444th record. Run 1, Event 444, LumiSection 1 at 03-Dec-2013 15:07:31.820 CET
Begin processing the 445th record. Run 1, Event 445, LumiSection 1 at 03-Dec-2013 15:07:32.790 CET
Begin processing the 446th record. Run 1, Event 446, LumiSection 1 at 03-Dec-2013 15:07:33.571 CET
Begin processing the 447th record. Run 1, Event 447, LumiSection 1 at 03-Dec-2013 15:07:34.298 CET
Begin processing the 448th record. Run 1, Event 448, LumiSection 1 at 03-Dec-2013 15:07:34.828 CET
Begin processing the 449th record. Run 1, Event 449, LumiSection 1 at 03-Dec-2013 15:07:35.728 CET
Begin processing the 450th record. Run 1, Event 450, LumiSection 1 at 03-Dec-2013 15:07:36.299 CET
Begin processing the 451st record. Run 1, Event 451, LumiSection 1 at 03-Dec-2013 15:07:36.963 CET
Begin processing the 452nd record. Run 1, Event 452, LumiSection 1 at 03-Dec-2013 15:07:38.292 CET
Begin processing the 453rd record. Run 1, Event 453, LumiSection 1 at 03-Dec-2013 15:07:38.912 CET
Begin processing the 454th record. Run 1, Event 454, LumiSection 1 at 03-Dec-2013 15:07:39.687 CET
Begin processing the 455th record. Run 1, Event 455, LumiSection 1 at 03-Dec-2013 15:07:40.571 CET
Begin processing the 456th record. Run 1, Event 456, LumiSection 1 at 03-Dec-2013 15:07:41.305 CET
Begin processing the 457th record. Run 1, Event 457, LumiSection 1 at 03-Dec-2013 15:07:43.118 CET
Begin processing the 458th record. Run 1, Event 458, LumiSection 1 at 03-Dec-2013 15:07:43.724 CET
Begin processing the 459th record. Run 1, Event 459, LumiSection 1 at 03-Dec-2013 15:07:44.349 CET
Begin processing the 460th record. Run 1, Event 460, LumiSection 1 at 03-Dec-2013 15:07:44.897 CET
Begin processing the 461st record. Run 1, Event 461, LumiSection 1 at 03-Dec-2013 15:07:45.574 CET
Begin processing the 462nd record. Run 1, Event 462, LumiSection 1 at 03-Dec-2013 15:07:47.218 CET
Begin processing the 463rd record. Run 1, Event 463, LumiSection 1 at 03-Dec-2013 15:07:48.510 CET
Begin processing the 464th record. Run 1, Event 464, LumiSection 1 at 03-Dec-2013 15:07:49.023 CET
Begin processing the 465th record. Run 1, Event 465, LumiSection 1 at 03-Dec-2013 15:07:49.990 CET
Begin processing the 466th record. Run 1, Event 466, LumiSection 1 at 03-Dec-2013 15:07:50.541 CET
Begin processing the 467th record. Run 1, Event 467, LumiSection 1 at 03-Dec-2013 15:07:51.121 CET
Begin processing the 468th record. Run 1, Event 468, LumiSection 1 at 03-Dec-2013 15:07:52.155 CET
Begin processing the 469th record. Run 1, Event 469, LumiSection 1 at 03-Dec-2013 15:07:53.104 CET
Begin processing the 470th record. Run 1, Event 470, LumiSection 1 at 03-Dec-2013 15:07:54.525 CET
Begin processing the 471st record. Run 1, Event 471, LumiSection 1 at 03-Dec-2013 15:07:55.182 CET
Begin processing the 472nd record. Run 1, Event 472, LumiSection 1 at 03-Dec-2013 15:07:56.100 CET
Begin processing the 473rd record. Run 1, Event 473, LumiSection 1 at 03-Dec-2013 15:07:56.848 CET
Begin processing the 474th record. Run 1, Event 474, LumiSection 1 at 03-Dec-2013 15:07:57.320 CET
Begin processing the 475th record. Run 1, Event 475, LumiSection 1 at 03-Dec-2013 15:07:58.010 CET
Begin processing the 476th record. Run 1, Event 476, LumiSection 1 at 03-Dec-2013 15:07:58.968 CET
Begin processing the 477th record. Run 1, Event 477, LumiSection 1 at 03-Dec-2013 15:07:59.633 CET
Begin processing the 478th record. Run 1, Event 478, LumiSection 1 at 03-Dec-2013 15:08:00.880 CET
Begin processing the 479th record. Run 1, Event 479, LumiSection 1 at 03-Dec-2013 15:08:01.735 CET
Begin processing the 480th record. Run 1, Event 480, LumiSection 1 at 03-Dec-2013 15:08:02.587 CET
Begin processing the 481st record. Run 1, Event 481, LumiSection 1 at 03-Dec-2013 15:08:04.332 CET
Begin processing the 482nd record. Run 1, Event 482, LumiSection 1 at 03-Dec-2013 15:08:05.291 CET
Begin processing the 483rd record. Run 1, Event 483, LumiSection 1 at 03-Dec-2013 15:08:06.439 CET
Begin processing the 484th record. Run 1, Event 484, LumiSection 1 at 03-Dec-2013 15:08:07.258 CET
Begin processing the 485th record. Run 1, Event 485, LumiSection 1 at 03-Dec-2013 15:08:07.738 CET
Begin processing the 486th record. Run 1, Event 486, LumiSection 1 at 03-Dec-2013 15:08:08.801 CET
Begin processing the 487th record. Run 1, Event 487, LumiSection 1 at 03-Dec-2013 15:08:09.566 CET
Begin processing the 488th record. Run 1, Event 488, LumiSection 1 at 03-Dec-2013 15:08:10.298 CET
DTTSPhi::addTracoT: preview not present in TRACO trigger or its code=0  trigger not added!
Begin processing the 489th record. Run 1, Event 489, LumiSection 1 at 03-Dec-2013 15:08:11.030 CET
Begin processing the 490th record. Run 1, Event 490, LumiSection 1 at 03-Dec-2013 15:08:11.510 CET
Begin processing the 491st record. Run 1, Event 491, LumiSection 1 at 03-Dec-2013 15:08:12.260 CET
Begin processing the 492nd record. Run 1, Event 492, LumiSection 1 at 03-Dec-2013 15:08:13.792 CET
Begin processing the 493rd record. Run 1, Event 493, LumiSection 1 at 03-Dec-2013 15:08:14.427 CET
Begin processing the 494th record. Run 1, Event 494, LumiSection 1 at 03-Dec-2013 15:08:15.109 CET
Begin processing the 495th record. Run 1, Event 495, LumiSection 1 at 03-Dec-2013 15:08:16.238 CET
Begin processing the 496th record. Run 1, Event 496, LumiSection 1 at 03-Dec-2013 15:08:16.905 CET
Begin processing the 497th record. Run 1, Event 497, LumiSection 1 at 03-Dec-2013 15:08:17.748 CET
Begin processing the 498th record. Run 1, Event 498, LumiSection 1 at 03-Dec-2013 15:08:18.481 CET
Begin processing the 499th record. Run 1, Event 499, LumiSection 1 at 03-Dec-2013 15:08:19.226 CET
Begin processing the 500th record. Run 1, Event 500, LumiSection 1 at 03-Dec-2013 15:08:20.159 CET

=============================================

MessageLogger Summary

Severity    # Occurrences   Total Occurrences
--------    -------------   -----------------
